# JRE version: OpenJDK Runtime Environment (8.0_212) (build 1.8.0_212-release-1586-b4-5784211)
# Java VM: OpenJDK 64-Bit Server VM (25.212-b4-5784211 mixed mode linux-amd64 compressed oops)
Heap:
 PSYoungGen      total 67584K, used 6645K [0x00000000e0000000, 0x00000000e4900000, 0x0000000100000000)
  eden space 60928K, 0% used [0x00000000e0000000,0x00000000e0000000,0x00000000e3b80000)
  from space 6656K, 99% used [0x00000000e3b80000,0x00000000e41fd508,0x00000000e4200000)
  to   space 6144K, 0% used [0x00000000e4200000,0x00000000e4200000,0x00000000e4800000)
 ParOldGen       total 40960K, used 9829K [0x00000000a0000000, 0x00000000a2800000, 0x00000000e0000000)
  object space 40960K, 23% used [0x00000000a0000000,0x00000000a0999598,0x00000000a2800000)
 Metaspace       used 20681K, capacity 21136K, committed 21296K, reserved 1067008K
  class space    used 2999K, capacity 3160K, committed 3200K, reserved 1048576K
GC Heap History (10 events):
Event: 1,047 GC heap after
Heap after GC invocations=2 (full 0):
 PSYoungGen      total 17920K, used 2554K [0x00000000e0000000, 0x00000000e2300000, 0x0000000100000000)
  eden space 15360K, 0% used [0x00000000e0000000,0x00000000e0000000,0x00000000e0f00000)
  from space 2560K, 99% used [0x00000000e1180000,0x00000000e13fe850,0x00000000e1400000)
  to   space 2560K, 0% used [0x00000000e0f00000,0x00000000e0f00000,0x00000000e1180000)
 ParOldGen       total 40960K, used 524K [0x00000000a0000000, 0x00000000a2800000, 0x00000000e0000000)
  object space 40960K, 1% used [0x00000000a0000000,0x00000000a0083170,0x00000000a2800000)
 Metaspace       used 6577K, capacity 6832K, committed 7040K, reserved 1056768K
  class space    used 809K, capacity 876K, committed 896K, reserved 1048576K
}
Event: 1,231 GC heap before
{Heap before GC invocations=3 (full 0):
 PSYoungGen      total 17920K, used 17914K [0x00000000e0000000, 0x00000000e2300000, 0x0000000100000000)
  eden space 15360K, 100% used [0x00000000e0000000,0x00000000e0f00000,0x00000000e0f00000)
  from space 2560K, 99% used [0x00000000e1180000,0x00000000e13fe850,0x00000000e1400000)
  to   space 2560K, 0% used [0x00000000e0f00000,0x00000000e0f00000,0x00000000e1180000)
 ParOldGen       total 40960K, used 524K [0x00000000a0000000, 0x00000000a2800000, 0x00000000e0000000)
  object space 40960K, 1% used [0x00000000a0000000,0x00000000a0083170,0x00000000a2800000)
 Metaspace       used 6767K, capacity 6970K, committed 7040K, reserved 1056768K
  class space    used 824K, capacity 878K, committed 896K, reserved 1048576K
Event: 1,234 GC heap after
Heap after GC invocations=3 (full 0):
 PSYoungGen      total 17920K, used 2548K [0x00000000e0000000, 0x00000000e2300000, 0x0000000100000000)
  eden space 15360K, 0% used [0x00000000e0000000,0x00000000e0000000,0x00000000e0f00000)
  from space 2560K, 99% used [0x00000000e0f00000,0x00000000e117d3a0,0x00000000e1180000)
  to   space 2560K, 0% used [0x00000000e2080000,0x00000000e2080000,0x00000000e2300000)
 ParOldGen       total 40960K, used 791K [0x00000000a0000000, 0x00000000a2800000, 0x00000000e0000000)
  object space 40960K, 1% used [0x00000000a0000000,0x00000000a00c5e08,0x00000000a2800000)
 Metaspace       used 6767K, capacity 6970K, committed 7040K, reserved 1056768K
  class space    used 824K, capacity 878K, committed 896K, reserved 1048576K
}
Event: 1,370 GC heap before
{Heap before GC invocations=4 (full 0):
 PSYoungGen      total 17920K, used 17908K [0x00000000e0000000, 0x00000000e2300000, 0x0000000100000000)
  eden space 15360K, 100% used [0x00000000e0000000,0x00000000e0f00000,0x00000000e0f00000)
  from space 2560K, 99% used [0x00000000e0f00000,0x00000000e117d3a0,0x00000000e1180000)
  to   space 2560K, 0% used [0x00000000e2080000,0x00000000e2080000,0x00000000e2300000)
 ParOldGen       total 40960K, used 791K [0x00000000a0000000, 0x00000000a2800000, 0x00000000e0000000)
  object space 40960K, 1% used [0x00000000a0000000,0x00000000a00c5e08,0x00000000a2800000)
 Metaspace       used 7445K, capacity 7658K, committed 7808K, reserved 1056768K
  class space    used 962K, capacity 1045K, committed 1152K, reserved 1048576K
Event: 1,376 GC heap after
Heap after GC invocations=4 (full 0):
 PSYoungGen      total 33280K, used 2528K [0x00000000e0000000, 0x00000000e2300000, 0x0000000100000000)
  eden space 30720K, 0% used [0x00000000e0000000,0x00000000e0000000,0x00000000e1e00000)
  from space 2560K, 98% used [0x00000000e2080000,0x00000000e22f8020,0x00000000e2300000)
  to   space 2560K, 0% used [0x00000000e1e00000,0x00000000e1e00000,0x00000000e2080000)
 ParOldGen       total 40960K, used 1595K [0x00000000a0000000, 0x00000000a2800000, 0x00000000e0000000)
  object space 40960K, 3% used [0x00000000a0000000,0x00000000a018ed58,0x00000000a2800000)
 Metaspace       used 7445K, capacity 7658K, committed 7808K, reserved 1056768K
  class space    used 962K, capacity 1045K, committed 1152K, reserved 1048576K
}
Event: 2,201 GC heap before
{Heap before GC invocations=5 (full 0):
 PSYoungGen      total 33280K, used 33248K [0x00000000e0000000, 0x00000000e2300000, 0x0000000100000000)
  eden space 30720K, 100% used [0x00000000e0000000,0x00000000e1e00000,0x00000000e1e00000)
  from space 2560K, 98% used [0x00000000e2080000,0x00000000e22f8020,0x00000000e2300000)
  to   space 2560K, 0% used [0x00000000e1e00000,0x00000000e1e00000,0x00000000e2080000)
 ParOldGen       total 40960K, used 1595K [0x00000000a0000000, 0x00000000a2800000, 0x00000000e0000000)
  object space 40960K, 3% used [0x00000000a0000000,0x00000000a018ed58,0x00000000a2800000)
 Metaspace       used 12223K, capacity 12626K, committed 12928K, reserved 1060864K
  class space    used 1673K, capacity 1801K, committed 1920K, reserved 1048576K
Event: 2,222 GC heap after
Heap after GC invocations=5 (full 0):
 PSYoungGen      total 33280K, used 2528K [0x00000000e0000000, 0x00000000e4800000, 0x0000000100000000)
  eden space 30720K, 0% used [0x00000000e0000000,0x00000000e0000000,0x00000000e1e00000)
  from space 2560K, 98% used [0x00000000e1e00000,0x00000000e2078020,0x00000000e2080000)
  to   space 6144K, 0% used [0x00000000e4200000,0x00000000e4200000,0x00000000e4800000)
 ParOldGen       total 40960K, used 5269K [0x00000000a0000000, 0x00000000a2800000, 0x00000000e0000000)
  object space 40960K, 12% used [0x00000000a0000000,0x00000000a05255d0,0x00000000a2800000)
 Metaspace       used 12223K, capacity 12626K, committed 12928K, reserved 1060864K
  class space    used 1673K, capacity 1801K, committed 1920K, reserved 1048576K
}
Event: 2,706 GC heap before
{Heap before GC invocations=6 (full 0):
 PSYoungGen      total 33280K, used 33248K [0x00000000e0000000, 0x00000000e4800000, 0x0000000100000000)
  eden space 30720K, 100% used [0x00000000e0000000,0x00000000e1e00000,0x00000000e1e00000)
  from space 2560K, 98% used [0x00000000e1e00000,0x00000000e2078020,0x00000000e2080000)
  to   space 6144K, 0% used [0x00000000e4200000,0x00000000e4200000,0x00000000e4800000)
 ParOldGen       total 40960K, used 5269K [0x00000000a0000000, 0x00000000a2800000, 0x00000000e0000000)
  object space 40960K, 12% used [0x00000000a0000000,0x00000000a05255d0,0x00000000a2800000)
 Metaspace       used 14623K, capacity 15012K, committed 15360K, reserved 1062912K
  class space    used 2071K, capacity 2192K, committed 2304K, reserved 1048576K
Event: 2,713 GC heap after
Heap after GC invocations=6 (full 0):
 PSYoungGen      total 67072K, used 5661K [0x00000000e0000000, 0x00000000e4900000, 0x0000000100000000)
  eden space 60928K, 0% used [0x00000000e0000000,0x00000000e0000000,0x00000000e3b80000)
  from space 6144K, 92% used [0x00000000e4200000,0x00000000e47874c8,0x00000000e4800000)
  to   space 6656K, 0% used [0x00000000e3b80000,0x00000000e3b80000,0x00000000e4200000)
 ParOldGen       total 40960K, used 5277K [0x00000000a0000000, 0x00000000a2800000, 0x00000000e0000000)
  object space 40960K, 12% used [0x00000000a0000000,0x00000000a05275d0,0x00000000a2800000)
 Metaspace       used 14623K, capacity 15012K, committed 15360K, reserved 1062912K
  class space    used 2071K, capacity 2192K, committed 2304K, reserved 1048576K
}
Event: 5,628 GC heap before
{Heap before GC invocations=7 (full 0):
 PSYoungGen      total 67072K, used 66153K [0x00000000e0000000, 0x00000000e4900000, 0x0000000100000000)
  eden space 60928K, 99% used [0x00000000e0000000,0x00000000e3b12ff8,0x00000000e3b80000)
  from space 6144K, 92% used [0x00000000e4200000,0x00000000e47874c8,0x00000000e4800000)
  to   space 6656K, 0% used [0x00000000e3b80000,0x00000000e3b80000,0x00000000e4200000)
 ParOldGen       total 40960K, used 5277K [0x00000000a0000000, 0x00000000a2800000, 0x00000000e0000000)
  object space 40960K, 12% used [0x00000000a0000000,0x00000000a05275d0,0x00000000a2800000)
 Metaspace       used 20681K, capacity 21136K, committed 21296K, reserved 1067008K
  class space    used 2999K, capacity 3160K, committed 3200K, reserved 1048576K

